#
# A fatal error has been detected by the Java Runtime Environment:
#
#  SIGSEGV (0xb) at pc=0x000000010f623f63, pid=9503, tid=0x0000000000001b03
#
# JRE version: OpenJDK Runtime Environment (8.0_242) (build 1.8.0_242-release-1644-b3-6915495)
# Java VM: OpenJDK 64-Bit Server VM (25.242-b3-6915495 mixed mode bsd-amd64 compressed oops)
# Problematic frame:
# V  [libjvm.dylib+0x498f63]
#
# Failed to write core dump. Core dumps have been disabled. To enable core dumping, try "ulimit -c unlimited" before starting Java again
#
# If you would like to submit a bug report, please visit:
#   http://bugreport.java.com/bugreport/crash.jsp
#

---------------  T H R E A D  ---------------

Current thread (0x00007fa14081b800):  GCTaskThread [stack: 0x000070000ef4a000,0x000070000f04a000] [id=6915]

siginfo: si_signo: 11 (SIGSEGV), si_code: 1 (SEGV_MAPERR), si_addr: 0x00000003c17393b0

Registers:
RAX=0x0000000755b1bad8, RBX=0x000070000f049d50, RCX=0x000000010f9acf03, RDX=0x000000010f99c2d8
RSP=0x000070000f049cf0, RBP=0x000070000f049d00, RSI=0x0000000755b1bad8, RDI=0x00000003c17393a8
R8 =0x00007fa140705b80, R9 =0x00000000000b7945, R10=0x0000000002de5140, R11=0xfffffffffebf3158
R12=0x0000000002df0000, R13=0x00000000000b7c00, R14=0x0000000000000004, R15=0x000000010f9b23f8
RIP=0x000000010f623f63, EFLAGS=0x0000000000010202, ERR=0x0000000000000004
  TRAPNO=0x000000000000000e

Top of Stack: (sp=0x000070000f049cf0)
0x000070000f049cf0:   0000000002de5133 0000000002df0000
0x000070000f049d00:   000070000f049d40 000000010f5f6695
0x000070000f049d10:   000070000f049d50 000000010f98bd18
0x000070000f049d20:   00007fa140705b80 0000000756f80000
0x000070000f049d30:   0000000759747448 000070000f049d50
0x000070000f049d40:   000070000f049de0 000000010f623b41
0x000070000f049d50:   000000010f9833c0 000000010f9b23f8
0x000070000f049d60:   00007fa140705b80 000000000000c8a5
0x000070000f049d70:   0000000756f28980 00007fa140418a00
0x000070000f049d80:   0000000755b1bad8 0000000759747448
0x000070000f049d90:   000000010ce3e000 0000000000000d8e
0x000070000f049da0:   00000000000002de 00007fa140705b80
0x000070000f049db0:   0000000040705b80 000000000000000f
0x000070000f049dc0:   000000010f9acffb 000000010f9b18a0
0x000070000f049dd0:   000070000f049df8 00007fa140705b80
0x000070000f049de0:   000070000f049e30 000000010f61ae0a
0x000070000f049df0:   00000000000001c6 00007fa140705b80
0x000070000f049e00:   00000000000002b6 000070000f049e44
0x000070000f049e10:   00007fa140705b80 000070000f049e48
0x000070000f049e20:   000000010f9b2218 0000000000000001
0x000070000f049e30:   000070000f049e80 000000010f60c4cc
0x000070000f049e40:   1a8e69f80f9ad249 000000000000019e
0x000070000f049e50:   00007fa14917e690 00007fa14081b800
0x000070000f049e60:   00007fa14917e690 000000010f758949
0x000070000f049e70:   0000000000000000 0000000000000001
0x000070000f049e80:   000070000f049f60 000000010f3e5011
0x000070000f049e90:   000000010f9ad100 00007fa14081b800
0x000070000f049ea0:   00007fa14041d060 00007fa14041d0a0
0x000070000f049eb0:   00007fa14041d0b0 00007fa14041d188
0x000070000f049ec0:   00000000000000d8 00007fa14041d2a0
0x000070000f049ed0:   00007fa14081b800 00007fa14041d060
0x000070000f049ee0:   00007fa14041d0a0 00007fa14041d0b0 

Instructions: (pc=0x000000010f623f63)
0x000000010f623f43:   38 00 80 39 00 74 15 8b 78 08 48 8d 15 84 83 37
0x000000010f623f53:   00 8a 4a 08 48 d3 e7 48 03 3a eb 04 48 8b 78 08
0x000000010f623f63:   81 7f 08 ff ff ff bf 77 13 48 8b 0f 4c 89 c6 48
0x000000010f623f73:   89 c2 ff 91 28 01 00 00 48 8b 73 30 4a 8d 04 f5 

Register to memory mapping:

RAX=0x0000000755b1bad8 is an oop
sun.nio.fs.UnixDirectoryStream$UnixDirectoryIterator 
 - klass: 'sun/nio/fs/UnixDirectoryStream$UnixDirectoryIterator'
RBX=0x000070000f049d50 is an unknown value
RCX=0x000000010f9acf03: G1RSetRegionEntries+0x3 in /Applications/Android Studio.app/Contents/jre/jdk/Contents/Home/jre/lib/server/libjvm.dylib at 0x000000010f18b000
RDX=0x000000010f99c2d8: _ZN8Universe13_narrow_klassE+0 in /Applications/Android Studio.app/Contents/jre/jdk/Contents/Home/jre/lib/server/libjvm.dylib at 0x000000010f18b000
RSP=0x000070000f049cf0 is an unknown value
RBP=0x000070000f049d00 is an unknown value
RSI=0x0000000755b1bad8 is an oop
sun.nio.fs.UnixDirectoryStream$UnixDirectoryIterator 
 - klass: 'sun/nio/fs/UnixDirectoryStream$UnixDirectoryIterator'
RDI=0x00000003c17393a8 is an unknown value
R8 =0x00007fa140705b80 is an unknown value
R9 =0x00000000000b7945 is an unknown value
R10=0x0000000002de5140 is an unknown value
R11=0xfffffffffebf3158 is an unknown value
R12=0x0000000002df0000 is an unknown value
R13=0x00000000000b7c00 is an unknown value
R14=0x0000000000000004 is an unknown value
R15=0x000000010f9b23f8: _ZN17PSParallelCompact12_mark_bitmapE+0 in /Applications/Android Studio.app/Contents/jre/jdk/Contents/Home/jre/lib/server/libjvm.dylib at 0x000000010f18b000


Stack: [0x000070000ef4a000,0x000070000f04a000],  sp=0x000070000f049cf0,  free space=1023k
Native frames: (J=compiled Java code, j=interpreted, Vv=VM code, C=native code)
V  [libjvm.dylib+0x498f63]
V  [libjvm.dylib+0x46b695]
V  [libjvm.dylib+0x498b41]
V  [libjvm.dylib+0x48fe0a]
V  [libjvm.dylib+0x4814cc]
V  [libjvm.dylib+0x25a011]
V  [libjvm.dylib+0x45b9eb]
C  [libsystem_pthread.dylib+0x6950]  _pthread_start+0xe0
C  [libsystem_pthread.dylib+0x247b]  thread_start+0xf


---------------  P R O C E S S  ---------------

Java Threads: ( => current thread )
  0x00007fa14653d000 JavaThread "Cache worker for execution history cache (/Users/ciaranronayne/AndroidStudioProjects/NFC/.gradle/6.5/executionHistory)" [_thread_blocked, id=39743, stack(0x00007000176df000,0x00007000177df000)]
  0x00007fa1485f2000 
[error occurred during error reporting (printing all threads), id 0xb]

VM state:at safepoint (normal execution)

VM Mutex/Monitor currently owned by a thread:  ([mutex/lock_event])
[0x00007fa140605420] Threads_lock - owner thread: 0x00007fa14100d800
[0x00007fa140605920] Heap_lock - owner thread: 0x00007fa147ffe800

heap address: 0x0000000740000000, size: 2048 MB, Compressed Oops mode: Zero based, Oop shift amount: 3
Narrow klass base: 0x0000000000000000, Narrow klass shift: 3
Compressed class space size: 1073741824 Address: 0x00000007c0000000

Heap:
 PSYoungGen      total 335360K, used 27113K [0x0000000795580000, 0x00000007c0000000, 0x00000007c0000000)
  eden space 308224K, 0% used [0x0000000795580000,0x0000000795580000,0x00000007a8280000)
  from space 27136K, 99% used [0x00000007b2280000,0x00000007b3cfa510,0x00000007b3d00000)
  to   space 163840K, 0% used [0x00000007a8280000,0x00000007a8280000,0x00000007b2280000)
 ParOldGen       total 417280K, used 417053K [0x0000000740000000, 0x0000000759780000, 0x0000000795580000)
  object space 417280K, 99% used [0x0000000740000000,0x0000000759747448,0x0000000759780000)
 Metaspace       used 96787K, capacity 104174K, committed 104344K, reserved 1140736K
  class space    used 12671K, capacity 13899K, committed 14000K, reserved 1048576K

Card table byte_map: [0x000000011f403000,0x000000011f804000] byte_map_base: 0x000000011ba03000

Marking Bits: (ParMarkBitMap*) 0x000000010f9b23f8
 Begin Bits: [0x000000011faaf000, 0x0000000121aaf000)
 End Bits:   [0x0000000121aaf000, 0x0000000123aaf000)

Polling page: 0x000000010cde5000

CodeCache: size=245760Kb used=53786Kb max_used=53807Kb free=191973Kb
 bounds [0x0000000110043000, 0x0000000113543000, 0x000000011f043000]
 total_blobs=17713 nmethods=16836 adapters=788
 compilation: enabled

Compilation events (10 events):
Event: 2607.233 Thread 0x00007fa141811000 21642  s    4       sun.nio.fs.UnixDirectoryStream$UnixDirectoryIterator::hasNext (35 bytes)
Event: 2607.236 Thread 0x00007fa141811000 nmethod 21642 0x000000011148e4d0 code [0x000000011148e620, 0x000000011148e988]
Event: 2607.604 Thread 0x00007fa141813000 21643       4       java.util.concurrent.locks.ReentrantReadWriteLock::<init> (54 bytes)
Event: 2607.615 Thread 0x00007fa141813000 nmethod 21643 0x00000001113aa210 code [0x00000001113aa380, 0x00000001113aa698]
Event: 2608.662 Thread 0x00007fa141811000 21644       4       sun.nio.fs.NativeBuffers::releaseNativeBuffer (103 bytes)
Event: 2608.688 Thread 0x00007fa141811000 nmethod 21644 0x0000000113427a10 code [0x0000000113427be0, 0x0000000113428308]
Event: 2608.709 Thread 0x00007fa141813000 21645       4       sun.nio.fs.NativeBuffers::getNativeBufferFromCache (51 bytes)
Event: 2608.716 Thread 0x00007fa141813000 nmethod 21645 0x000000011167c410 code [0x000000011167c580, 0x000000011167c7d8]
Event: 2609.080 Thread 0x00007fa141811000 21646       4       sun.nio.fs.UnixNativeDispatcher::copyToNativeBuffer (49 bytes)
Event: 2609.096 Thread 0x00007fa141811000 nmethod 21646 0x00000001134295d0 code [0x00000001134297c0, 0x000000011342a068]

GC Heap History (10 events):
Event: 1134.612 GC heap after
Heap after GC invocations=20 (full 4):
 PSYoungGen      total 430592K, used 10688K [0x0000000795580000, 0x00000007b1880000, 0x00000007c0000000)
  eden space 403456K, 0% used [0x0000000795580000,0x0000000795580000,0x00000007adf80000)
  from space 27136K, 39% used [0x00000007afe00000,0x00000007b08701d0,0x00000007b1880000)
  to   space 29184K, 0% used [0x00000007adf80000,0x00000007adf80000,0x00000007afc00000)
 ParOldGen       total 145408K, used 58491K [0x0000000740000000, 0x0000000748e00000, 0x0000000795580000)
  object space 145408K, 40% used [0x0000000740000000,0x000000074391ef48,0x0000000748e00000)
 Metaspace       used 93905K, capacity 98788K, committed 99096K, reserved 1134592K
  class space    used 12295K, capacity 13210K, committed 13360K, reserved 1048576K
}
Event: 1676.444 GC heap before
{Heap before GC invocations=21 (full 4):
 PSYoungGen      total 430592K, used 414144K [0x0000000795580000, 0x00000007b1880000, 0x00000007c0000000)
  eden space 403456K, 100% used [0x0000000795580000,0x00000007adf80000,0x00000007adf80000)
  from space 27136K, 39% used [0x00000007afe00000,0x00000007b08701d0,0x00000007b1880000)
  to   space 29184K, 0% used [0x00000007adf80000,0x00000007adf80000,0x00000007afc00000)
 ParOldGen       total 145408K, used 58491K [0x0000000740000000, 0x0000000748e00000, 0x0000000795580000)
  object space 145408K, 40% used [0x0000000740000000,0x000000074391ef48,0x0000000748e00000)
 Metaspace       used 94832K, capacity 100632K, committed 100760K, reserved 1136640K
  class space    used 12414K, capacity 13430K, committed 13488K, reserved 1048576K
Event: 1676.621 GC heap after
Heap after GC invocations=21 (full 4):
 PSYoungGen      total 432640K, used 14192K [0x0000000795580000, 0x00000007b3200000, 0x00000007c0000000)
  eden space 403456K, 0% used [0x0000000795580000,0x0000000795580000,0x00000007adf80000)
  from space 29184K, 48% used [0x00000007adf80000,0x00000007aed5c110,0x00000007afc00000)
  to   space 28160K, 0% used [0x00000007b1680000,0x00000007b1680000,0x00000007b3200000)
 ParOldGen       total 145408K, used 58499K [0x0000000740000000, 0x0000000748e00000, 0x0000000795580000)
  object space 145408K, 40% used [0x0000000740000000,0x0000000743920f48,0x0000000748e00000)
 Metaspace       used 94832K, capacity 100632K, committed 100760K, reserved 1136640K
  class space    used 12414K, capacity 13430K, committed 13488K, reserved 1048576K
}
Event: 1991.222 GC heap before
{Heap before GC invocations=22 (full 4):
 PSYoungGen      total 432640K, used 417648K [0x0000000795580000, 0x00000007b3200000, 0x00000007c0000000)
  eden space 403456K, 100% used [0x0000000795580000,0x00000007adf80000,0x00000007adf80000)
  from space 29184K, 48% used [0x00000007adf80000,0x00000007aed5c110,0x00000007afc00000)
  to   space 28160K, 0% used [0x00000007b1680000,0x00000007b1680000,0x00000007b3200000)
 ParOldGen       total 145408K, used 58499K [0x0000000740000000, 0x0000000748e00000, 0x0000000795580000)
  object space 145408K, 40% used [0x0000000740000000,0x0000000743920f48,0x0000000748e00000)
 Metaspace       used 95219K, capacity 101114K, committed 101272K, reserved 1136640K
  class space    used 12436K, capacity 13467K, committed 13488K, reserved 1048576K
Event: 1991.322 GC heap after
Heap after GC invocations=22 (full 4):
 PSYoungGen      total 446464K, used 9472K [0x0000000795580000, 0x00000007b2a80000, 0x00000007c0000000)
  eden space 425984K, 0% used [0x0000000795580000,0x0000000795580000,0x00000007af580000)
  from space 20480K, 46% used [0x00000007b1680000,0x00000007b1fc0040,0x00000007b2a80000)
  to   space 27136K, 0% used [0x00000007af580000,0x00000007af580000,0x00000007b1000000)
 ParOldGen       total 145408K, used 58507K [0x0000000740000000, 0x0000000748e00000, 0x0000000795580000)
  object space 145408K, 40% used [0x0000000740000000,0x0000000743922f48,0x0000000748e00000)
 Metaspace       used 95219K, capacity 101114K, committed 101272K, reserved 1136640K
  class space    used 12436K, capacity 13467K, committed 13488K, reserved 1048576K
}
Event: 2605.149 GC heap before
{Heap before GC invocations=23 (full 4):
 PSYoungGen      total 446464K, used 435456K [0x0000000795580000, 0x00000007b2a80000, 0x00000007c0000000)
  eden space 425984K, 100% used [0x0000000795580000,0x00000007af580000,0x00000007af580000)
  from space 20480K, 46% used [0x00000007b1680000,0x00000007b1fc0040,0x00000007b2a80000)
  to   space 27136K, 0% used [0x00000007af580000,0x00000007af580000,0x00000007b1000000)
 ParOldGen       total 145408K, used 58507K [0x0000000740000000, 0x0000000748e00000, 0x0000000795580000)
  object space 145408K, 40% used [0x0000000740000000,0x0000000743922f48,0x0000000748e00000)
 Metaspace       used 96144K, capacity 102980K, committed 103064K, reserved 1138688K
  class space    used 12563K, capacity 13700K, committed 13744K, reserved 1048576K
Event: 2605.437 GC heap after
Heap after GC invocations=23 (full 4):
 PSYoungGen      total 453120K, used 4560K [0x0000000795580000, 0x00000007b3d00000, 0x00000007c0000000)
  eden space 425984K, 0% used [0x0000000795580000,0x0000000795580000,0x00000007af580000)
  from space 27136K, 16% used [0x00000007af580000,0x00000007af9f4030,0x00000007b1000000)
  to   space 27136K, 0% used [0x00000007b2280000,0x00000007b2280000,0x00000007b3d00000)
 ParOldGen       total 145408K, used 58515K [0x0000000740000000, 0x0000000748e00000, 0x0000000795580000)
  object space 145408K, 40% used [0x0000000740000000,0x0000000743924f48,0x0000000748e00000)
 Metaspace       used 96144K, capacity 102980K, committed 103064K, reserved 1138688K
  class space    used 12563K, capacity 13700K, committed 13744K, reserved 1048576K
}
Event: 2611.174 GC heap before
{Heap before GC invocations=24 (full 4):
 PSYoungGen      total 453120K, used 430435K [0x0000000795580000, 0x00000007b3d00000, 0x00000007c0000000)
  eden space 425984K, 99% used [0x0000000795580000,0x00000007af564d18,0x00000007af580000)
  from space 27136K, 16% used [0x00000007af580000,0x00000007af9f4030,0x00000007b1000000)
  to   space 27136K, 0% used [0x00000007b2280000,0x00000007b2280000,0x00000007b3d00000)
 ParOldGen       total 145408K, used 58515K [0x0000000740000000, 0x0000000748e00000, 0x0000000795580000)
  object space 145408K, 40% used [0x0000000740000000,0x0000000743924f48,0x0000000748e00000)
 Metaspace       used 96787K, capacity 104174K, committed 104344K, reserved 1140736K
  class space    used 12671K, capacity 13899K, committed 14000K, reserved 1048576K
Event: 2613.549 GC heap after
Heap after GC invocations=24 (full 4):
 PSYoungGen      total 335360K, used 27113K [0x0000000795580000, 0x00000007c0000000, 0x00000007c0000000)
  eden space 308224K, 0% used [0x0000000795580000,0x0000000795580000,0x00000007a8280000)
  from space 27136K, 99% used [0x00000007b2280000,0x00000007b3cfa510,0x00000007b3d00000)
  to   space 163840K, 0% used [0x00000007a8280000,0x00000007a8280000,0x00000007b2280000)
 ParOldGen       total 417280K, used 417053K [0x0000000740000000, 0x0000000759780000, 0x0000000795580000)
  object space 417280K, 99% used [0x0000000740000000,0x0000000759747448,0x0000000759780000)
 Metaspace       used 96787K, capacity 104174K, committed 104344K, reserved 1140736K
  class space    used 12671K, capacity 13899K, committed 14000K, reserved 1048576K
}
Event: 2613.551 GC heap before
{Heap before GC invocations=25 (full 5):
 PSYoungGen      total 335360K, used 27113K [0x0000000795580000, 0x00000007c0000000, 0x00000007c0000000)
  eden space 308224K, 0% used [0x0000000795580000,0x0000000795580000,0x00000007a8280000)
  from space 27136K, 99% used [0x00000007b2280000,0x00000007b3cfa510,0x00000007b3d00000)
  to   space 163840K, 0% used [0x00000007a8280000,0x00000007a8280000,0x00000007b2280000)
 ParOldGen       total 417280K, used 417053K [0x0000000740000000, 0x0000000759780000, 0x0000000795580000)
  object space 417280K, 99% used [0x0000000740000000,0x0000000759747448,0x0000000759780000)
 Metaspace       used 96787K, capacity 104174K, committed 104344K, reserved 1140736K
  class space    used 12671K, capacity 13899K, committed 14000K, reserved 1048576K

Deoptimization events (10 events):
Event: 2503.380 Thread 0x00007fa147c36000 Uncommon trap: reason=null_check action=make_not_entrant pc=0x0000000113441820 method=com.android.manifmerger.XmlElement.<init>(Lorg/w3c/dom/Element;Lcom/android/manifmerger/XmlDocument;)V @ 86
Event: 2503.382 Thread 0x00007fa147c36000 Uncommon trap: reason=class_check action=maybe_recompile pc=0x0000000113428fac method=com.sun.org.apache.xerces.internal.dom.NamedNodeMapImpl.getNamedItem(Ljava/lang/String;)Lorg/w3c/dom/Node; @ 28
Event: 2503.382 Thread 0x00007fa147c36000 Uncommon trap: reason=class_check action=maybe_recompile pc=0x0000000113428fac method=com.sun.org.apache.xerces.internal.dom.NamedNodeMapImpl.getNamedItem(Ljava/lang/String;)Lorg/w3c/dom/Node; @ 28
Event: 2503.383 Thread 0x00007fa147c36000 Uncommon trap: reason=class_check action=maybe_recompile pc=0x0000000113428fac method=com.sun.org.apache.xerces.internal.dom.NamedNodeMapImpl.getNamedItem(Ljava/lang/String;)Lorg/w3c/dom/Node; @ 28
Event: 2503.383 Thread 0x00007fa147c36000 Uncommon trap: reason=class_check action=maybe_recompile pc=0x0000000113428fac method=com.sun.org.apache.xerces.internal.dom.NamedNodeMapImpl.getNamedItem(Ljava/lang/String;)Lorg/w3c/dom/Node; @ 28
Event: 2606.782 Thread 0x00007fa147ffe800 Uncommon trap: reason=unstable_if action=reinterpret pc=0x0000000112834938 method=sun.nio.fs.NativeBuffers.getNativeBufferFromCache(I)Lsun/nio/fs/NativeBuffer; @ 34
Event: 2606.785 Thread 0x00007fa147ffe800 Uncommon trap: reason=unstable_if action=reinterpret pc=0x0000000110d94fc0 method=sun.nio.fs.NativeBuffers.releaseNativeBuffer(Lsun/nio/fs/NativeBuffer;)V @ 41
Event: 2606.786 Thread 0x00007fa147ffe800 Uncommon trap: reason=unstable_if action=reinterpret pc=0x0000000112151e18 method=sun.nio.fs.NativeBuffers.getNativeBufferFromCache(I)Lsun/nio/fs/NativeBuffer; @ 34
Event: 2606.789 Thread 0x00007fa147ffe800 Uncommon trap: reason=unstable_if action=reinterpret pc=0x000000011284b62c method=sun.nio.fs.NativeBuffers.getNativeBufferFromCache(I)Lsun/nio/fs/NativeBuffer; @ 34
Event: 2606.789 Thread 0x00007fa147ffe800 Uncommon trap: reason=unstable_if action=reinterpret pc=0x0000000111c13458 method=sun.nio.fs.NativeBuffers.getNativeBufferFromCache(I)Lsun/nio/fs/NativeBuffer; @ 34

Classes redefined (0 events):
No events

Internal exceptions (10 events):
Event: 2333.928 Thread 0x00007fa1446b4800 Exception <a 'sun/nio/fs/UnixException'> (0x00000007a658dc48) thrown at [/Volumes/Android/buildbot/src/googleplex-android/openjdk/out/hotspot/src/share/vm/prims/jni.cpp, line 710]
Event: 2333.928 Thread 0x00007fa1446b4800 Exception <a 'sun/nio/fs/UnixException'> (0x00000007a658f610) thrown at [/Volumes/Android/buildbot/src/googleplex-android/openjdk/out/hotspot/src/share/vm/prims/jni.cpp, line 710]
Event: 2503.873 Thread 0x00007fa145bd7800 Exception <a 'sun/nio/fs/UnixException'> (0x00000007ace69830) thrown at [/Volumes/Android/buildbot/src/googleplex-android/openjdk/out/hotspot/src/share/vm/prims/jni.cpp, line 710]
Event: 2503.873 Thread 0x00007fa145bd7800 Exception <a 'sun/nio/fs/UnixException'> (0x00000007ace6a650) thrown at [/Volumes/Android/buildbot/src/googleplex-android/openjdk/out/hotspot/src/share/vm/prims/jni.cpp, line 710]
Event: 2503.874 Thread 0x00007fa145bd7800 Exception <a 'sun/nio/fs/UnixException'> (0x00000007ace70d68) thrown at [/Volumes/Android/buildbot/src/googleplex-android/openjdk/out/hotspot/src/share/vm/prims/jni.cpp, line 710]
Event: 2503.874 Thread 0x00007fa145bd7800 Exception <a 'sun/nio/fs/UnixException'> (0x00000007ace71bd0) thrown at [/Volumes/Android/buildbot/src/googleplex-android/openjdk/out/hotspot/src/share/vm/prims/jni.cpp, line 710]
Event: 2503.875 Thread 0x00007fa145bd7800 Exception <a 'sun/nio/fs/UnixException'> (0x00000007ace73af8) thrown at [/Volumes/Android/buildbot/src/googleplex-android/openjdk/out/hotspot/src/share/vm/prims/jni.cpp, line 710]
Event: 2503.875 Thread 0x00007fa145bd7800 Exception <a 'sun/nio/fs/UnixException'> (0x00000007ace74970) thrown at [/Volumes/Android/buildbot/src/googleplex-android/openjdk/out/hotspot/src/share/vm/prims/jni.cpp, line 710]
Event: 2504.066 Thread 0x00007fa145bd7800 Exception <a 'sun/nio/fs/UnixException'> (0x00000007ad808330) thrown at [/Volumes/Android/buildbot/src/googleplex-android/openjdk/out/hotspot/src/share/vm/prims/jni.cpp, line 710]
Event: 2504.067 Thread 0x00007fa145bd7800 Exception <a 'sun/nio/fs/UnixException'> (0x00000007ad809250) thrown at [/Volumes/Android/buildbot/src/googleplex-android/openjdk/out/hotspot/src/share/vm/prims/jni.cpp, line 710]

Events (10 events):
Event: 2606.916 Thread 0x00007fa141813800 flushing nmethod 0x0000000111d3ed90
Event: 2606.916 Thread 0x00007fa141813800 flushing nmethod 0x0000000111d40790
Event: 2606.919 Thread 0x00007fa141813800 flushing nmethod 0x0000000111d433d0
Event: 2606.920 Thread 0x00007fa141813800 flushing nmethod 0x0000000111d8cbd0
Event: 2606.932 Thread 0x00007fa141813000 flushing nmethod 0x00000001127dbd10
Event: 2606.936 Thread 0x00007fa141813000 flushing nmethod 0x0000000112c1cb90
Event: 2606.937 Thread 0x00007fa141813000 flushing nmethod 0x0000000112d9e550
Event: 2606.950 Thread 0x00007fa141813000 flushing nmethod 0x0000000113427a10
Event: 2606.950 Thread 0x00007fa141813000 flushing nmethod 0x000000011343dc50
Event: 2611.155 Executing VM operation: ParallelGCFailedAllocation


Dynamic libraries:
0x00007fff34f2f000 	/System/Library/Frameworks/Cocoa.framework/Versions/A/Cocoa
0x00007fff221ea000 	/System/Library/Frameworks/Security.framework/Versions/A/Security
0x00007fff3317e000 	/System/Library/Frameworks/ApplicationServices.framework/Versions/A/ApplicationServices
0x00007fff2a457000 	/usr/lib/libz.1.dylib
0x00007fff2a51f000 	/usr/lib/libSystem.B.dylib
0x00007fff203b4000 	/System/Library/Frameworks/CoreFoundation.framework/Versions/A/CoreFoundation
0x00007fff2115e000 	/System/Library/Frameworks/Foundation.framework/Versions/C/Foundation
0x00007fff201d4000 	/usr/lib/libobjc.A.dylib
0x00007fff22c0e000 	/System/Library/Frameworks/AppKit.framework/Versions/C/AppKit
0x00007fff25a97000 	/System/Library/Frameworks/CoreData.framework/Versions/A/CoreData
0x00007fff2396b000 	/System/Library/PrivateFrameworks/UIFoundation.framework/Versions/A/UIFoundation
0x00007fff2fb61000 	/System/Library/PrivateFrameworks/RemoteViewServices.framework/Versions/A/RemoteViewServices
0x00007fff28983000 	/System/Library/PrivateFrameworks/XCTTargetBootstrap.framework/Versions/A/XCTTargetBootstrap
0x00007fff2b65e000 	/usr/lib/libspindump.dylib
0x00007fff23bbf000 	/System/Library/Frameworks/UniformTypeIdentifiers.framework/Versions/A/UniformTypeIdentifiers
0x00007fff27155000 	/usr/lib/libapp_launch_measurement.dylib
0x00007fff27158000 	/System/Library/PrivateFrameworks/CoreAutoLayout.framework/Versions/A/CoreAutoLayout
0x00007fff282e4000 	/System/Library/Frameworks/Metal.framework/Versions/A/Metal
0x00007fff28fd2000 	/usr/lib/liblangid.dylib
0x00007fff28987000 	/System/Library/PrivateFrameworks/CoreSVG.framework/Versions/A/CoreSVG
0x00007fff24ba6000 	/System/Library/PrivateFrameworks/SkyLight.framework/Versions/A/SkyLight
0x00007fff24f05000 	/System/Library/Frameworks/CoreGraphics.framework/Versions/A/CoreGraphics
0x00007fff301b8000 	/System/Library/Frameworks/Accelerate.framework/Versions/A/Accelerate
0x00007fff2b099000 	/System/Library/PrivateFrameworks/IconServices.framework/Versions/A/IconServices
0x00007fff282c5000 	/System/Library/Frameworks/IOSurface.framework/Versions/A/IOSurface
0x00007fff2641f000 	/usr/lib/libDiagnosticMessagesClient.dylib
0x00007fff2896f000 	/System/Library/PrivateFrameworks/DFRFoundation.framework/Versions/A/DFRFoundation
0x00007fff2253a000 	/usr/lib/libicucore.A.dylib
0x00007fff2cb9b000 	/System/Library/Frameworks/AudioToolbox.framework/Versions/A/AudioToolbox
0x00007fff2be46000 	/System/Library/PrivateFrameworks/DataDetectorsCore.framework/Versions/A/DataDetectorsCore
0x00007fff2866f000 	/System/Library/Frameworks/Carbon.framework/Versions/A/Frameworks/HIToolbox.framework/Versions/A/HIToolbox
0x00007fff26bb8000 	/System/Library/Frameworks/QuartzCore.framework/Versions/A/QuartzCore
0x00007fff2fb9d000 	/System/Library/Frameworks/Carbon.framework/Versions/A/Frameworks/SpeechRecognition.framework/Versions/A/SpeechRecognition
0x00007fff26ebd000 	/System/Library/PrivateFrameworks/CoreUI.framework/Versions/A/CoreUI
0x00007fff21b46000 	/System/Library/Frameworks/CoreAudio.framework/Versions/A/CoreAudio
0x00007fff2650a000 	/System/Library/Frameworks/DiskArbitration.framework/Versions/A/DiskArbitration
0x00007fff2ba57000 	/System/Library/PrivateFrameworks/MultitouchSupport.framework/Versions/A/MultitouchSupport
0x00007fff2be3d000 	/System/Library/PrivateFrameworks/InternationalSupport.framework/Versions/A/InternationalSupport
0x00007fff24b1a000 	/usr/lib/libenergytrace.dylib
0x00007fff22b08000 	/System/Library/Frameworks/IOKit.framework/Versions/A/IOKit
0x00007fff2feea000 	/System/Library/Frameworks/CoreServices.framework/Versions/A/CoreServices
0x00007fff270eb000 	/System/Library/PrivateFrameworks/PerformanceAnalysis.framework/Versions/A/PerformanceAnalysis
0x00007fff6b3d2000 	/System/Library/Frameworks/OpenGL.framework/Versions/A/OpenGL
0x00007fff2bec2000 	/System/Library/PrivateFrameworks/UserActivity.framework/Versions/A/UserActivity
0x00007fff25599000 	/System/Library/Frameworks/ColorSync.framework/Versions/A/ColorSync
0x00007fff28beb000 	/System/Library/Frameworks/CoreImage.framework/Versions/A/CoreImage
0x00007fff2195c000 	/System/Library/Frameworks/CoreText.framework/Versions/A/CoreText
0x00007fff289b1000 	/System/Library/Frameworks/ImageIO.framework/Versions/A/ImageIO
0x00007fff2a525000 	/System/Library/PrivateFrameworks/SoftLinking.framework/Versions/A/SoftLinking
0x00007fff271a1000 	/usr/lib/libxml2.2.dylib
0x00007fff20299000 	/usr/lib/libc++.1.dylib
0x00007fff2a797000 	/usr/lib/libcompression.dylib
0x00007fff24b1b000 	/usr/lib/libMobileGestalt.dylib
0x00007fff2bd70000 	/System/Library/PrivateFrameworks/TextureIO.framework/Versions/A/TextureIO
0x00007fff2adbd000 	/usr/lib/libate.dylib
0x00007fff2a519000 	/usr/lib/system/libcache.dylib
0x00007fff2a4d5000 	/usr/lib/system/libcommonCrypto.dylib
0x00007fff2a4ff000 	/usr/lib/system/libcompiler_rt.dylib
0x00007fff2a4f4000 	/usr/lib/system/libcopyfile.dylib
0x00007fff200c6000 	/usr/lib/system/libcorecrypto.dylib
0x00007fff2018f000 	/usr/lib/system/libdispatch.dylib
0x00007fff20343000 	/usr/lib/system/libdyld.dylib
0x00007fff2a510000 	/usr/lib/system/libkeymgr.dylib
0x00007fff2d94a000 	/usr/lib/system/liblaunch.dylib
0x00007fff2a4b3000 	/usr/lib/system/libmacho.dylib
0x00007fff29cce000 	/usr/lib/system/libquarantine.dylib
0x00007fff2a50d000 	/usr/lib/system/libremovefile.dylib
0x00007fff24b77000 	/usr/lib/system/libsystem_asl.dylib
0x00007fff20076000 	/usr/lib/system/libsystem_blocks.dylib
0x00007fff20210000 	/usr/lib/system/libsystem_c.dylib
0x00007fff2a507000 	/usr/lib/system/libsystem_collections.dylib
0x00007fff28fc3000 	/usr/lib/system/libsystem_configuration.dylib
0x00007fff282b4000 	/usr/lib/system/libsystem_containermanager.dylib
0x00007fff2a24f000 	/usr/lib/system/libsystem_coreservices.dylib
0x00007fff2279c000 	/usr/lib/system/libsystem_darwin.dylib
0x00007fff2a511000 	/usr/lib/system/libsystem_dnssd.dylib
0x00007fff2020d000 	/usr/lib/system/libsystem_featureflags.dylib
0x00007fff20388000 	/usr/lib/system/libsystem_info.dylib
0x00007fff2a46a000 	/usr/lib/system/libsystem_m.dylib
0x00007fff20162000 	/usr/lib/system/libsystem_malloc.dylib
0x00007fff24b0b000 	/usr/lib/system/libsystem_networkextension.dylib
0x00007fff22bb6000 	/usr/lib/system/libsystem_notify.dylib
0x00007fff2fde8000 	/usr/lib/system/libsystem_product_info_filter.dylib
0x00007fff28fc7000 	/usr/lib/system/libsystem_sandbox.dylib
0x00007fff2a50a000 	/usr/lib/system/libsystem_secinit.dylib
0x00007fff20308000 	/usr/lib/system/libsystem_kernel.dylib
0x00007fff2037e000 	/usr/lib/system/libsystem_platform.dylib
0x00007fff20337000 	/usr/lib/system/libsystem_pthread.dylib
0x00007fff2626d000 	/usr/lib/system/libsystem_symptoms.dylib
0x00007fff200ae000 	/usr/lib/system/libsystem_trace.dylib
0x00007fff2a4e1000 	/usr/lib/system/libunwind.dylib
0x00007fff20078000 	/usr/lib/system/libxpc.dylib
0x00007fff202ef000 	/usr/lib/libc++abi.dylib
0x00007fff2a4ec000 	/usr/lib/liboah.dylib
0x00007fff2aba2000 	/usr/lib/liblzma.5.dylib
0x00007fff20e74000 	/System/Library/Frameworks/SystemConfiguration.framework/Versions/A/SystemConfiguration
0x00007fff2a521000 	/usr/lib/libfakelink.dylib
0x00007fff2466d000 	/System/Library/Frameworks/CFNetwork.framework/Versions/A/CFNetwork
0x00007fff2a661000 	/usr/lib/libarchive.2.dylib
0x00007fff20ef1000 	/usr/lib/libCRFSuite.dylib
0x00007fff29cf5000 	/usr/lib/libbsm.0.dylib
0x00007fff24029000 	/usr/lib/libnetwork.dylib
0x00007fff2a526000 	/usr/lib/libpcap.A.dylib
0x00007fff26266000 	/usr/lib/libdns_services.dylib
0x00007fff2abbb000 	/usr/lib/libcoretls_cfhelpers.dylib
0x00007fff2a765000 	/usr/lib/libapple_nghttp2.dylib
0x00007fff2a4b9000 	/usr/lib/system/libkxld.dylib
0x00007fff25ecc000 	/usr/lib/libsqlite3.dylib
0x00007fff2a231000 	/System/Library/PrivateFrameworks/AppleFSCompression.framework/Versions/A/AppleFSCompression
0x00007fff29cdd000 	/usr/lib/libcoretls.dylib
0x00007fff2a792000 	/usr/lib/libpam.2.dylib
0x00007fff2acb8000 	/usr/lib/libxar.1.dylib
0x00007fff28fce000 	/System/Library/PrivateFrameworks/AppleSystemInfo.framework/Versions/A/AppleSystemInfo
0x00007fff29920000 	/System/Library/PrivateFrameworks/IOMobileFramebuffer.framework/Versions/A/IOMobileFramebuffer
0x00007fff2a241000 	/usr/lib/libbz2.1.0.dylib
0x00007fff2a55e000 	/usr/lib/libiconv.2.dylib
0x00007fff2a4b2000 	/usr/lib/libcharset.1.dylib
0x00007fff27127000 	/System/Library/Frameworks/CoreServices.framework/Versions/A/Frameworks/FSEvents.framework/Versions/A/FSEvents
0x00007fff227a6000 	/System/Library/Frameworks/CoreServices.framework/Versions/A/Frameworks/CarbonCore.framework/Versions/A/CarbonCore
0x00007fff2646f000 	/System/Library/Frameworks/CoreServices.framework/Versions/A/Frameworks/Metadata.framework/Versions/A/Metadata
0x00007fff2a254000 	/System/Library/Frameworks/CoreServices.framework/Versions/A/Frameworks/OSServices.framework/Versions/A/OSServices
0x00007fff2a6d3000 	/System/Library/Frameworks/CoreServices.framework/Versions/A/Frameworks/SearchKit.framework/Versions/A/SearchKit
0x00007fff261f0000 	/System/Library/Frameworks/CoreServices.framework/Versions/A/Frameworks/AE.framework/Versions/A/AE
0x00007fff20850000 	/System/Library/Frameworks/CoreServices.framework/Versions/A/Frameworks/LaunchServices.framework/Versions/A/LaunchServices
0x00007fff2ab53000 	/System/Library/Frameworks/CoreServices.framework/Versions/A/Frameworks/DictionaryServices.framework/Versions/A/DictionaryServices
0x00007fff27130000 	/System/Library/Frameworks/CoreServices.framework/Versions/A/Frameworks/SharedFileList.framework/Versions/A/SharedFileList
0x00007fff29cd1000 	/usr/lib/libCheckFix.dylib
0x00007fff24b8e000 	/System/Library/PrivateFrameworks/TCC.framework/Versions/A/TCC
0x00007fff28fd4000 	/System/Library/PrivateFrameworks/CoreNLP.framework/Versions/A/CoreNLP
0x00007fff26422000 	/System/Library/PrivateFrameworks/MetadataUtilities.framework/Versions/A/MetadataUtilities
0x00007fff20f27000 	/usr/lib/libmecabra.dylib
0x00007fff29fe4000 	/System/Library/Frameworks/MLCompute.framework/Versions/A/MLCompute
0x00007fff29d06000 	/usr/lib/libmecab.dylib
0x00007fff29d50000 	/usr/lib/libgermantok.dylib
0x00007fff2a73b000 	/usr/lib/libThaiTokenizer.dylib
0x00007fff2acf3000 	/usr/lib/libChineseTokenizer.dylib
0x00007fff2a790000 	/System/Library/Frameworks/MetalPerformanceShaders.framework/Versions/A/MetalPerformanceShaders
0x00007fff26511000 	/System/Library/Frameworks/Accelerate.framework/Versions/A/Frameworks/vImage.framework/Versions/A/vImage
0x00007fff2fec3000 	/System/Library/Frameworks/Accelerate.framework/Versions/A/Frameworks/vecLib.framework/Versions/A/vecLib
0x00007fff2acfe000 	/System/Library/Frameworks/Accelerate.framework/Versions/A/Frameworks/vecLib.framework/Versions/A/libvMisc.dylib
0x00007fff29739000 	/System/Library/Frameworks/Accelerate.framework/Versions/A/Frameworks/vecLib.framework/Versions/A/libvDSP.dylib
0x00007fff20b53000 	/System/Library/Frameworks/Accelerate.framework/Versions/A/Frameworks/vecLib.framework/Versions/A/libBLAS.dylib
0x00007fff2a7b6000 	/System/Library/Frameworks/Accelerate.framework/Versions/A/Frameworks/vecLib.framework/Versions/A/libLAPACK.dylib
0x00007fff29d56000 	/System/Library/Frameworks/Accelerate.framework/Versions/A/Frameworks/vecLib.framework/Versions/A/libLinearAlgebra.dylib
0x00007fff2a77d000 	/System/Library/Frameworks/Accelerate.framework/Versions/A/Frameworks/vecLib.framework/Versions/A/libSparseBLAS.dylib
0x00007fff2a7b0000 	/System/Library/Frameworks/Accelerate.framework/Versions/A/Frameworks/vecLib.framework/Versions/A/libQuadrature.dylib
0x00007fff2907c000 	/System/Library/Frameworks/Accelerate.framework/Versions/A/Frameworks/vecLib.framework/Versions/A/libBNNS.dylib
0x00007fff20e05000 	/System/Library/Frameworks/Accelerate.framework/Versions/A/Frameworks/vecLib.framework/Versions/A/libSparse.dylib
0x00007fff28f67000 	/System/Library/Frameworks/MetalPerformanceShaders.framework/Versions/A/Frameworks/MPSCore.framework/Versions/A/MPSCore
0x00007fff2a1a0000 	/System/Library/Frameworks/MetalPerformanceShaders.framework/Versions/A/Frameworks/MPSImage.framework/Versions/A/MPSImage
0x00007fff29d6c000 	/System/Library/Frameworks/MetalPerformanceShaders.framework/Versions/A/Frameworks/MPSNeuralNetwork.framework/Versions/A/MPSNeuralNetwork
0x00007fff2a12b000 	/System/Library/Frameworks/MetalPerformanceShaders.framework/Versions/A/Frameworks/MPSMatrix.framework/Versions/A/MPSMatrix
0x00007fff29f94000 	/System/Library/Frameworks/MetalPerformanceShaders.framework/Versions/A/Frameworks/MPSRayIntersector.framework/Versions/A/MPSRayIntersector
0x00007fff2a162000 	/System/Library/Frameworks/MetalPerformanceShaders.framework/Versions/A/Frameworks/MPSNDArray.framework/Versions/A/MPSNDArray
0x00007fff20a7f000 	/System/Library/PrivateFrameworks/MetalTools.framework/Versions/A/MetalTools
0x00007fff28fcc000 	/System/Library/PrivateFrameworks/AggregateDictionary.framework/Versions/A/AggregateDictionary
0x00007fff263fa000 	/System/Library/PrivateFrameworks/CoreAnalytics.framework/Versions/A/CoreAnalytics
0x00007fff2a73d000 	/System/Library/PrivateFrameworks/AppleSauce.framework/Versions/A/AppleSauce
0x00007fff282d7000 	/System/Library/PrivateFrameworks/IOAccelerator.framework/Versions/A/IOAccelerator
0x00007fff6b3c6000 	/System/Library/Frameworks/OpenGL.framework/Versions/A/Libraries/libCoreFSCache.dylib
0x00007fff214c2000 	/System/Library/PrivateFrameworks/LanguageModeling.framework/Versions/A/LanguageModeling
0x00007fff2990d000 	/System/Library/PrivateFrameworks/CoreEmoji.framework/Versions/A/CoreEmoji
0x00007fff29075000 	/System/Library/PrivateFrameworks/LinguisticData.framework/Versions/A/LinguisticData
0x00007fff20db7000 	/System/Library/PrivateFrameworks/Lexicon.framework/Versions/A/Lexicon
0x00007fff2a64f000 	/usr/lib/libcmph.dylib
0x00007fff27107000 	/System/Library/Frameworks/OpenDirectory.framework/Versions/A/Frameworks/CFOpenDirectory.framework/Versions/A/CFOpenDirectory
0x00007fff270f7000 	/System/Library/Frameworks/OpenDirectory.framework/Versions/A/OpenDirectory
0x00007fff2abbd000 	/System/Library/PrivateFrameworks/APFS.framework/Versions/A/APFS
0x00007fff29c32000 	/System/Library/Frameworks/SecurityFoundation.framework/Versions/A/SecurityFoundation
0x00007fff2acc6000 	/usr/lib/libutil.dylib
0x00007fff22acd000 	/System/Library/PrivateFrameworks/CoreServicesStore.framework/Versions/A/CoreServicesStore
0x00007fff29cc9000 	/System/Library/Frameworks/ServiceManagement.framework/Versions/A/ServiceManagement
0x00007fff2acca000 	/usr/lib/libxslt.1.dylib
0x00007fff29cbf000 	/System/Library/PrivateFrameworks/BackgroundTaskManagement.framework/Versions/A/BackgroundTaskManagement
0x00007fff2bcba000 	/System/Library/Frameworks/ImageIO.framework/Versions/A/Resources/libRadiance.dylib
0x00007fff2bcc4000 	/System/Library/Frameworks/ImageIO.framework/Versions/A/Resources/libJPEG.dylib
0x00007fff2bc11000 	/System/Library/Frameworks/ImageIO.framework/Versions/A/Resources/libPng.dylib
0x00007fff2bc38000 	/System/Library/Frameworks/ImageIO.framework/Versions/A/Resources/libTIFF.dylib
0x00007fff2bd19000 	/System/Library/Frameworks/ImageIO.framework/Versions/A/Resources/libGIF.dylib
0x00007fff2b974000 	/System/Library/Frameworks/ImageIO.framework/Versions/A/Resources/libJP2.dylib
0x00007fff2b060000 	/usr/lib/libexpat.1.dylib
0x00007fff2b92a000 	/System/Library/PrivateFrameworks/AppleJPEG.framework/Versions/A/AppleJPEG
0x00007fff28512000 	/System/Library/PrivateFrameworks/FontServices.framework/libFontParser.dylib
0x00007fff261a4000 	/System/Library/PrivateFrameworks/RunningBoardServices.framework/Versions/A/RunningBoardServices
0x00007fff2ba53000 	/System/Library/PrivateFrameworks/WatchdogClient.framework/Versions/A/WatchdogClient
0x00007fff215af000 	/System/Library/Frameworks/CoreDisplay.framework/Versions/A/CoreDisplay
0x00007fff28427000 	/System/Library/Frameworks/CoreMedia.framework/Versions/A/CoreMedia
0x00007fff27284000 	/System/Library/Frameworks/CoreVideo.framework/Versions/A/CoreVideo
0x00007fff2ba8b000 	/System/Library/Frameworks/VideoToolbox.framework/Versions/A/VideoToolbox
0x00007fff26122000 	/System/Library/PrivateFrameworks/BaseBoard.framework/Versions/A/BaseBoard
0x00007fff2b1a5000 	/System/Library/PrivateFrameworks/PersistentConnection.framework/Versions/A/PersistentConnection
0x00007fff25eb5000 	/System/Library/PrivateFrameworks/ProtocolBuffer.framework/Versions/A/ProtocolBuffer
0x00007fff26109000 	/System/Library/PrivateFrameworks/CommonUtilities.framework/Versions/A/CommonUtilities
0x00007fff2b8bf000 	/System/Library/PrivateFrameworks/Bom.framework/Versions/A/Bom
0x00007fff2bcb3000 	/System/Library/PrivateFrameworks/GPUWrangler.framework/Versions/A/GPUWrangler
0x00007fff2bc96000 	/System/Library/PrivateFrameworks/IOPresentment.framework/Versions/A/IOPresentment
0x00007fff2bcbe000 	/System/Library/PrivateFrameworks/DSExternalDisplay.framework/Versions/A/DSExternalDisplay
0x00007fff2bd1e000 	/System/Library/PrivateFrameworks/CMCaptureCore.framework/Versions/A/CMCaptureCore
0x00007fff2b645000 	/System/Library/PrivateFrameworks/AppServerSupport.framework/Versions/A/AppServerSupport
0x00007fff2d6eb000 	/System/Library/PrivateFrameworks/perfdata.framework/Versions/A/perfdata
0x00007fff29c21000 	/System/Library/PrivateFrameworks/AssertionServices.framework/Versions/A/AssertionServices
0x00007fff216e6000 	/System/Library/PrivateFrameworks/AudioToolboxCore.framework/Versions/A/AudioToolboxCore
0x00007fff2840a000 	/System/Library/PrivateFrameworks/caulk.framework/Versions/A/caulk
0x00007fff3c985000 	/System/Library/PrivateFrameworks/SystemPolicy.framework/Versions/A/SystemPolicy
0x00007fff2ae56000 	/usr/lib/libIOReport.dylib
0x00007fff2cf0d000 	/usr/lib/libSMC.dylib
0x00007fff2bbde000 	/usr/lib/libAudioToolboxUtility.dylib
0x00007fff3d2ea000 	/usr/lib/libmis.dylib
0x00007fff6b422000 	/System/Library/Frameworks/OpenGL.framework/Versions/A/Libraries/libGLU.dylib
0x00007fff6b3e5000 	/System/Library/Frameworks/OpenGL.framework/Versions/A/Libraries/libGFXShared.dylib
0x00007fff6b5f4000 	/System/Library/Frameworks/OpenGL.framework/Versions/A/Libraries/libGL.dylib
0x00007fff6b3ee000 	/System/Library/Frameworks/OpenGL.framework/Versions/A/Libraries/libGLImage.dylib
0x00007fff6b3e2000 	/System/Library/Frameworks/OpenGL.framework/Versions/A/Libraries/libCVMSPluginSupport.dylib
0x00007fff6b3cd000 	/System/Library/Frameworks/OpenGL.framework/Versions/A/Libraries/libCoreVMClient.dylib
0x00007fff6ca35000 	/System/Library/Frameworks/OpenCL.framework/Versions/A/OpenCL
0x00007fff2b1cf000 	/System/Library/PrivateFrameworks/GraphVisualizer.framework/Versions/A/GraphVisualizer
0x00007fff2b1de000 	/System/Library/PrivateFrameworks/FaceCore.framework/Versions/A/FaceCore
0x00007fff2b5fa000 	/System/Library/PrivateFrameworks/OTSVG.framework/Versions/A/OTSVG
0x00007fff26e7b000 	/System/Library/Frameworks/ApplicationServices.framework/Versions/A/Frameworks/ATS.framework/Versions/A/Resources/libFontRegistry.dylib
0x00007fff2b64c000 	/System/Library/PrivateFrameworks/FontServices.framework/libhvf.dylib
0x00007fff2b00c000 	/System/Library/PrivateFrameworks/AppleVA.framework/Versions/A/AppleVA
0x00007fff2cd56000 	/System/Library/Frameworks/ApplicationServices.framework/Versions/A/Frameworks/ATS.framework/Versions/A/ATS
0x00007fff2d068000 	/System/Library/Frameworks/ApplicationServices.framework/Versions/A/Frameworks/ColorSyncLegacy.framework/Versions/A/ColorSyncLegacy
0x00007fff25690000 	/System/Library/Frameworks/ApplicationServices.framework/Versions/A/Frameworks/HIServices.framework/Versions/A/HIServices
0x00007fff2d04d000 	/System/Library/Frameworks/ApplicationServices.framework/Versions/A/Frameworks/LangAnalysis.framework/Versions/A/LangAnalysis
0x00007fff2bd28000 	/System/Library/Frameworks/ApplicationServices.framework/Versions/A/Frameworks/PrintCore.framework/Versions/A/PrintCore
0x00007fff2d070000 	/System/Library/Frameworks/ApplicationServices.framework/Versions/A/Frameworks/QD.framework/Versions/A/QD
0x00007fff2cd46000 	/System/Library/Frameworks/ApplicationServices.framework/Versions/A/Frameworks/SpeechSynthesis.framework/Versions/A/SpeechSynthesis
0x00007fff2bce9000 	/System/Library/Frameworks/ApplicationServices.framework/Versions/A/Frameworks/ATSUI.framework/Versions/A/ATSUI
0x00007fff2cfed000 	/usr/lib/libcups.2.dylib
0x00007fff2d05d000 	/System/Library/PrivateFrameworks/NetAuth.framework/Versions/A/NetAuth
0x00007fff2d707000 	/System/Library/Frameworks/Kerberos.framework/Versions/A/Kerberos
0x00007fff2d717000 	/System/Library/Frameworks/GSS.framework/Versions/A/GSS
0x00007fff2cdc2000 	/usr/lib/libresolv.9.dylib
0x00007fff2b661000 	/System/Library/PrivateFrameworks/Heimdal.framework/Versions/A/Heimdal
0x00007fff3347e000 	/System/Library/Frameworks/Kerberos.framework/Versions/A/Libraries/libHeimdalProxy.dylib
0x00007fff26275000 	/System/Library/Frameworks/Network.framework/Versions/A/Network
0x00007fff2b07a000 	/usr/lib/libheimdal-asn1.dylib
0x00007fff2d767000 	/System/Library/PrivateFrameworks/CommonAuth.framework/Versions/A/CommonAuth
0x00007fff272d1000 	/System/Library/PrivateFrameworks/login.framework/Versions/A/Frameworks/loginsupport.framework/Versions/A/loginsupport
0x00007fff2cccb000 	/System/Library/PrivateFrameworks/AudioSession.framework/Versions/A/AudioSession
0x00007fff2cd33000 	/usr/lib/libAudioStatistics.dylib
0x00007fff2b107000 	/System/Library/PrivateFrameworks/MediaExperience.framework/Versions/A/MediaExperience
0x00007fff2cb69000 	/System/Library/PrivateFrameworks/AudioSession.framework/libSessionUtility.dylib
0x00007fff2d6f8000 	/usr/lib/libperfcheck.dylib
0x00007fff2d07c000 	/System/Library/PrivateFrameworks/AudioResourceArbitration.framework/Versions/A/AudioResourceArbitration
0x00007fff2b084000 	/System/Library/PrivateFrameworks/IconFoundation.framework/Versions/A/IconFoundation
0x00007fff2fb8d000 	/System/Library/PrivateFrameworks/SpeechRecognitionCore.framework/Versions/A/SpeechRecognitionCore
0x000000010f18b000 	/Applications/Android Studio.app/Contents/jre/jdk/Contents/Home/jre/lib/server/libjvm.dylib
0x00007fff78ab3000 	/usr/lib/libstdc++.6.dylib
0x000000010cd89000 	/Applications/Android Studio.app/Contents/jre/jdk/Contents/Home/jre/lib/libverify.dylib
0x000000010cd9b000 	/Applications/Android Studio.app/Contents/jre/jdk/Contents/Home/jre/lib/libjava.dylib
0x000000010ce2f000 	/Applications/Android Studio.app/Contents/jre/jdk/Contents/Home/jre/lib/libzip.dylib
0x000000010ce93000 	/Applications/Android Studio.app/Contents/jre/jdk/Contents/Home/jre/lib/libnio.dylib
0x000000010ceae000 	/Applications/Android Studio.app/Contents/jre/jdk/Contents/Home/jre/lib/libnet.dylib
0x00000001268ec000 	/Users/ciaranronayne/.gradle/native/f6784746aeab05261644944871eae4fe03e0ef1612fff0a4a95f87b438bc6780/osx-amd64/libnative-platform.dylib
0x0000000126c29000 	/Applications/Android Studio.app/Contents/jre/jdk/Contents/Home/jre/lib/libmanagement.dylib
0x00007fff3d2c9000 	/System/Library/PrivateFrameworks/MallocStackLogging.framework/Versions/A/MallocStackLogging

VM Arguments:
jvm_args: -Xmx2048m -Dfile.encoding=UTF-8 -Duser.country=GB -Duser.language=en -Duser.variant 
java_command: org.gradle.launcher.daemon.bootstrap.GradleDaemon 6.5
java_class_path (initial): /Users/ciaranronayne/.gradle/wrapper/dists/gradle-6.5-bin/6nifqtx7604sqp1q6g8wikw7p/gradle-6.5/lib/gradle-launcher-6.5.jar
Launcher Type: SUN_STANDARD

Environment Variables:
PATH=/usr/local/bin:/usr/bin:/bin:/usr/sbin:/sbin
SHELL=/bin/bash

Signal Handlers:
SIGSEGV: [libjvm.dylib+0x565c43], sa_mask[0]=11111111011111110111111111111111, sa_flags=SA_ONSTACK|SA_RESTART|SA_SIGINFO
SIGBUS: [libjvm.dylib+0x565c43], sa_mask[0]=11111111011111110111111111111111, sa_flags=SA_RESTART|SA_SIGINFO
SIGFPE: [libjvm.dylib+0x45dd9d], sa_mask[0]=11111111011111110111111111111111, sa_flags=SA_RESTART|SA_SIGINFO
SIGPIPE: [libjvm.dylib+0x45dd9d], sa_mask[0]=11111111011111110111111111111111, sa_flags=SA_RESTART|SA_SIGINFO
SIGXFSZ: [libjvm.dylib+0x45dd9d], sa_mask[0]=11111111011111110111111111111111, sa_flags=SA_RESTART|SA_SIGINFO
SIGILL: [libjvm.dylib+0x45dd9d], sa_mask[0]=11111111011111110111111111111111, sa_flags=SA_RESTART|SA_SIGINFO
SIGUSR1: SIG_DFL, sa_mask[0]=00000000000000000000000000000000, sa_flags=none
SIGUSR2: [libjvm.dylib+0x45e69c], sa_mask[0]=00100000000000000000000000000000, sa_flags=SA_RESTART|SA_SIGINFO
SIGHUP: [libjvm.dylib+0x45c8c1], sa_mask[0]=11111111011111110111111111111111, sa_flags=SA_RESTART|SA_SIGINFO
SIGINT: [libjvm.dylib+0x45c8c1], sa_mask[0]=11111111011111110111111111111111, sa_flags=SA_RESTART|SA_SIGINFO
SIGTERM: [libjvm.dylib+0x45c8c1], sa_mask[0]=11111111011111110111111111111111, sa_flags=SA_RESTART|SA_SIGINFO
SIGQUIT: [libjvm.dylib+0x45c8c1], sa_mask[0]=11111111011111110111111111111111, sa_flags=SA_RESTART|SA_SIGINFO


---------------  S Y S T E M  ---------------

OS:Bsduname:Darwin 20.1.0 Darwin Kernel Version 20.1.0: Sat Oct 31 00:07:11 PDT 2020; root:xnu-7195.50.7~2/RELEASE_X86_64 x86_64
rlimit: STACK 8192k, CORE 0k, NPROC 1392, NOFILE 10240, AS infinity
load average:4.67 4.11 4.53

CPU:total 4 (initial active 4) (2 cores per cpu, 2 threads per core) family 6 model 61 stepping 4, cmov, cx8, fxsr, mmx, sse, sse2, sse3, ssse3, sse4.1, sse4.2, popcnt, avx, avx2, aes, clmul, erms, 3dnowpref, lzcnt, ht, tsc, tscinvbit, bmi1, bmi2, adx

Memory: 4k page, physical 4194304k(25720k free)

/proc/meminfo:


vm_info: OpenJDK 64-Bit Server VM (25.242-b3-6915495) for bsd-amd64 JRE (1.8.0_242-release-1644-b3-6915495), built by "android-build" with gcc 4.2.1 Compatible Android (5484270 based on r353983c) Clang 9.0.3 (https://android.googlesource.com/toolchain/clang 745b335211bb9eadfa6aa6301f84715cee4b37c5) (https://android.googlesource.com/toolchain/llvm 60cf23e54e46c807513f7a36d0a7b777920b5881)

time: Sun Jan 31 20:44:30 2021
timezone: GMT
elapsed time: 2616 seconds (0d 0h 43m 36s)

